\BOOKMARK [0][-]{chapter.1}{External and Internal Loopback Test of the GBT Bank Quartus Example}{}% 1
\BOOKMARK [1][-]{section.1.1}{120 MHz Reference Clock}{chapter.1}% 2
\BOOKMARK [1][-]{section.1.2}{Configuring the onboard Oscillator on the Cyclone V Board}{chapter.1}% 3
\BOOKMARK [1][-]{section.1.3}{Configuring the Si5338 External Oscillator}{chapter.1}% 4
\BOOKMARK [0][-]{chapter.2}{Testing and Verification of the HDMI Daughter Card}{}% 5
\BOOKMARK [1][-]{section.2.1}{Connectivity Test}{chapter.2}% 6
\BOOKMARK [2][-]{subsection.2.1.1}{Purpose of Test}{section.2.1}% 7
\BOOKMARK [2][-]{subsection.2.1.2}{Experimental Setup}{section.2.1}% 8
\BOOKMARK [2][-]{subsection.2.1.3}{Results}{section.2.1}% 9
\BOOKMARK [1][-]{section.2.2}{External Loop-back Test for the Fiber-Optic Connector}{chapter.2}% 10
\BOOKMARK [2][-]{subsection.2.2.1}{Purpose of Test}{section.2.2}% 11
\BOOKMARK [2][-]{subsection.2.2.2}{Experimental Setup}{section.2.2}% 12
\BOOKMARK [2][-]{subsection.2.2.3}{Results}{section.2.2}% 13
\BOOKMARK [1][-]{section.2.3}{External Loop-back Test for the HDMI Connectors}{chapter.2}% 14
\BOOKMARK [2][-]{subsection.2.3.1}{Purpose of Tests}{section.2.3}% 15
\BOOKMARK [2][-]{subsection.2.3.2}{Experimental Setup}{section.2.3}% 16
\BOOKMARK [2][-]{subsection.2.3.3}{Results}{section.2.3}% 17
\BOOKMARK [1][-]{section.2.4}{Conclusion and Discussions}{chapter.2}% 18
\BOOKMARK [0][-]{chapter.3}{Testing and Verification of the Serial Interface}{}% 19
\BOOKMARK [1][-]{section.3.1}{Hardware Simulation using Testbench in Modelsim}{chapter.3}% 20
\BOOKMARK [2][-]{subsection.3.1.1}{Purpose of Tests}{section.3.1}% 21
\BOOKMARK [2][-]{subsection.3.1.2}{Experimental Setup}{section.3.1}% 22
\BOOKMARK [2][-]{subsection.3.1.3}{Results}{section.3.1}% 23
\BOOKMARK [1][-]{section.3.2}{Connection between COM port and UART using SignalTap II}{chapter.3}% 24
\BOOKMARK [2][-]{subsection.3.2.1}{Purpose of Tests}{section.3.2}% 25
\BOOKMARK [2][-]{subsection.3.2.2}{Experimental Setup}{section.3.2}% 26
\BOOKMARK [2][-]{subsection.3.2.3}{Results}{section.3.2}% 27
\BOOKMARK [1][-]{section.3.3}{Conclusion and Discussions}{chapter.3}% 28
\BOOKMARK [0][-]{chapter.4}{Conclusion and Discussion}{}% 29
